This file contains any messages produced by compilers while
running configure, to aid debugging if configure makes a mistake.

It was created by configure, which was
generated by GNU Autoconf 2.71.  Invocation command line was

  $ ./configure --enable-yuga

## --------- ##
## Platform. ##
## --------- ##

hostname = hsemix
uname -m = x86_64
uname -r = 5.15.90.1-microsoft-standard-WSL2
uname -s = Linux
uname -v = #1 SMP Fri Jan 27 02:56:13 UTC 2023

/usr/bin/uname -p = x86_64
/bin/uname -X     = unknown

/bin/arch              = x86_64
/usr/bin/arch -k       = unknown
/usr/convex/getsysinfo = unknown
/usr/bin/hostinfo      = unknown
/bin/machine           = unknown
/usr/bin/oslevel       = unknown
/bin/universe          = unknown

PATH: /var/www/html/yuga-zephir/vendor/bin/
PATH: /usr/local/sbin/
PATH: /usr/local/bin/
PATH: /usr/sbin/
PATH: /usr/bin/
PATH: /sbin/
PATH: /bin/
PATH: /usr/games/
PATH: /usr/local/games/
PATH: /usr/lib/wsl/lib/
PATH: /mnt/c/Windows/system32/
PATH: /mnt/c/Windows/
PATH: /mnt/c/Windows/System32/Wbem/
PATH: /mnt/c/Windows/System32/WindowsPowerShell/v1.0/
PATH: /mnt/c/Windows/System32/OpenSSH/
PATH: /mnt/c/Program Files (x86)/NVIDIA Corporation/PhysX/Common/
PATH: /mnt/c/Program Files/NVIDIA Corporation/NVIDIA NvDLISR/
PATH: /mnt/c/WINDOWS/system32/
PATH: /mnt/c/WINDOWS/
PATH: /mnt/c/WINDOWS/System32/Wbem/
PATH: /mnt/c/WINDOWS/System32/WindowsPowerShell/v1.0/
PATH: /mnt/c/WINDOWS/System32/OpenSSH/
PATH: /mnt/c/xampppp/php/
PATH: /mnt/c/composer/
PATH: /mnt/c/Program Files/Git/cmd/
PATH: /mnt/c/Program Files/dotnet/
PATH: /mnt/c/Users/hsemi/AppData/Local/Programs/Python/Python311/Scripts/
PATH: /mnt/c/Users/hsemi/AppData/Local/Programs/Python/Python311/
PATH: /mnt/c/Users/hsemi/AppData/Local/Microsoft/WindowsApps/
PATH: /mnt/c/Users/hsemi/AppData/Local/Programs/Microsoft VS Code/bin/
PATH: /mnt/c/Users/hsemi/AppData/Roaming/Composer/vendor/bin/
PATH: /mnt/c/Program Files/JetBrains/PhpStorm 2021.1.2/bin/
PATH: /mnt/c/Users/hsemi/.dotnet/tools/
PATH: /snap/bin/


## ----------- ##
## Core tests. ##
## ----------- ##

configure:2414: looking for aux files: ltmain.sh config.guess config.sub
configure:2427:  trying ./build/
configure:2456:   ./build/ltmain.sh found
configure:2456:   ./build/config.guess found
configure:2456:   ./build/config.sub found
configure:2573: checking for grep that handles long lines and -e
configure:2637: result: /usr/bin/grep
configure:2642: checking for egrep
configure:2710: result: /usr/bin/grep -E
configure:2715: checking for a sed that does not truncate output
configure:2785: result: /usr/bin/sed
configure:2929: checking for pkg-config
configure:2952: found /usr/bin/pkg-config
configure:2964: result: /usr/bin/pkg-config
configure:2989: checking pkg-config is at least version 0.9.0
configure:2992: result: yes
configure:3131: checking for C compiler version
configure:3140: gcc --version >&5
gcc (Ubuntu 11.4.0-1ubuntu1~22.04) 11.4.0
Copyright (C) 2021 Free Software Foundation, Inc.
This is free software; see the source for copying conditions.  There is NO
warranty; not even for MERCHANTABILITY or FITNESS FOR A PARTICULAR PURPOSE.

configure:3151: $? = 0
configure:3140: gcc -v >&5
Using built-in specs.
COLLECT_GCC=gcc
COLLECT_LTO_WRAPPER=/usr/lib/gcc/x86_64-linux-gnu/11/lto-wrapper
OFFLOAD_TARGET_NAMES=nvptx-none:amdgcn-amdhsa
OFFLOAD_TARGET_DEFAULT=1
Target: x86_64-linux-gnu
Configured with: ../src/configure -v --with-pkgversion='Ubuntu 11.4.0-1ubuntu1~22.04' --with-bugurl=file:///usr/share/doc/gcc-11/README.Bugs --enable-languages=c,ada,c++,go,brig,d,fortran,objc,obj-c++,m2 --prefix=/usr --with-gcc-major-version-only --program-suffix=-11 --program-prefix=x86_64-linux-gnu- --enable-shared --enable-linker-build-id --libexecdir=/usr/lib --without-included-gettext --enable-threads=posix --libdir=/usr/lib --enable-nls --enable-bootstrap --enable-clocale=gnu --enable-libstdcxx-debug --enable-libstdcxx-time=yes --with-default-libstdcxx-abi=new --enable-gnu-unique-object --disable-vtable-verify --enable-plugin --enable-default-pie --with-system-zlib --enable-libphobos-checking=release --with-target-system-zlib=auto --enable-objc-gc=auto --enable-multiarch --disable-werror --enable-cet --with-arch-32=i686 --with-abi=m64 --with-multilib-list=m32,m64,mx32 --enable-multilib --with-tune=generic --enable-offload-targets=nvptx-none=/build/gcc-11-XeT9lY/gcc-11-11.4.0/debian/tmp-nvptx/usr,amdgcn-amdhsa=/build/gcc-11-XeT9lY/gcc-11-11.4.0/debian/tmp-gcn/usr --without-cuda-driver --enable-checking=release --build=x86_64-linux-gnu --host=x86_64-linux-gnu --target=x86_64-linux-gnu --with-build-config=bootstrap-lto-lean --enable-link-serialization=2
Thread model: posix
Supported LTO compression algorithms: zlib zstd
gcc version 11.4.0 (Ubuntu 11.4.0-1ubuntu1~22.04) 
... rest of stderr output deleted ...
configure:3151: $? = 0
configure:3140: gcc -V >&5
gcc: error: unrecognized command-line option '-V'
gcc: fatal error: no input files
compilation terminated.
configure:3151: $? = 1
configure:3140: gcc -qversion >&5
gcc: error: unrecognized command-line option '-qversion'; did you mean '--version'?
gcc: fatal error: no input files
compilation terminated.
configure:3151: $? = 1
configure:3140: gcc -version >&5
gcc: error: unrecognized command-line option '-version'
gcc: fatal error: no input files
compilation terminated.
configure:3151: $? = 1
configure:3171: checking whether the C compiler works
configure:3193: gcc -O2 -fvisibility=hidden -Wparentheses -flto -DZEPHIR_RELEASE=1   conftest.c  >&5
configure:3197: $? = 0
configure:3247: result: yes
configure:3250: checking for C compiler default output file name
configure:3252: result: a.out
configure:3258: checking for suffix of executables
configure:3265: gcc -o conftest -O2 -fvisibility=hidden -Wparentheses -flto -DZEPHIR_RELEASE=1   conftest.c  >&5
configure:3269: $? = 0
configure:3292: result: 
configure:3314: checking whether we are cross compiling
configure:3322: gcc -o conftest -O2 -fvisibility=hidden -Wparentheses -flto -DZEPHIR_RELEASE=1   conftest.c  >&5
configure:3326: $? = 0
configure:3333: ./conftest
configure:3337: $? = 0
configure:3352: result: no
configure:3357: checking for suffix of object files
configure:3380: gcc -c -O2 -fvisibility=hidden -Wparentheses -flto -DZEPHIR_RELEASE=1  conftest.c >&5
configure:3384: $? = 0
configure:3406: result: o
configure:3410: checking whether the compiler supports GNU C
configure:3430: gcc -c -O2 -fvisibility=hidden -Wparentheses -flto -DZEPHIR_RELEASE=1  conftest.c >&5
configure:3430: $? = 0
configure:3440: result: yes
configure:3451: checking whether gcc accepts -g
configure:3472: gcc -c -g  conftest.c >&5
configure:3472: $? = 0
configure:3516: result: yes
configure:3536: checking for gcc option to enable C11 features
configure:3551: gcc  -c -O2 -fvisibility=hidden -Wparentheses -flto -DZEPHIR_RELEASE=1  conftest.c >&5
configure:3551: $? = 0
configure:3569: result: none needed
configure:3685: checking how to run the C preprocessor
configure:3711: gcc -E  conftest.c
configure:3711: $? = 0
configure:3726: gcc -E  conftest.c
conftest.c:9:10: fatal error: ac_nonexistent.h: No such file or directory
    9 | #include <ac_nonexistent.h>
      |          ^~~~~~~~~~~~~~~~~~
compilation terminated.
configure:3726: $? = 1
configure: failed program was:
| /* confdefs.h */
| #define PACKAGE_NAME ""
| #define PACKAGE_TARNAME ""
| #define PACKAGE_VERSION ""
| #define PACKAGE_STRING ""
| #define PACKAGE_BUGREPORT ""
| #define PACKAGE_URL ""
| /* end confdefs.h.  */
| #include <ac_nonexistent.h>
configure:3753: result: gcc -E
configure:3767: gcc -E  conftest.c
configure:3767: $? = 0
configure:3782: gcc -E  conftest.c
conftest.c:9:10: fatal error: ac_nonexistent.h: No such file or directory
    9 | #include <ac_nonexistent.h>
      |          ^~~~~~~~~~~~~~~~~~
compilation terminated.
configure:3782: $? = 1
configure: failed program was:
| /* confdefs.h */
| #define PACKAGE_NAME ""
| #define PACKAGE_TARNAME ""
| #define PACKAGE_VERSION ""
| #define PACKAGE_STRING ""
| #define PACKAGE_BUGREPORT ""
| #define PACKAGE_URL ""
| /* end confdefs.h.  */
| #include <ac_nonexistent.h>
configure:3815: checking for icc
configure:3825: result: no
configure:3839: checking for suncc
configure:3849: result: no
configure:3867: checking for system library directory
configure:3883: result: lib
configure:3890: checking if compiler supports -Wl,-rpath,
configure:3910: gcc -o conftest -O2 -fvisibility=hidden -Wparentheses -flto -DZEPHIR_RELEASE=1   conftest.c -Wl,-rpath,/usr/lib  >&5
configure:3910: $? = 0
configure:3921: result: yes
configure:3976: checking build system type
configure:3991: result: x86_64-pc-linux-gnu
configure:4011: checking host system type
configure:4025: result: x86_64-pc-linux-gnu
configure:4045: checking target system type
configure:4059: result: x86_64-pc-linux-gnu
configure:4163: checking for PHP prefix
configure:4165: result: /usr
configure:4167: checking for PHP includes
configure:4169: result: -I/usr/include/php/20210902 -I/usr/include/php/20210902/main -I/usr/include/php/20210902/TSRM -I/usr/include/php/20210902/Zend -I/usr/include/php/20210902/ext -I/usr/include/php/20210902/ext/date/lib
configure:4171: checking for PHP extension directory
configure:4173: result: /usr/lib/php/20210902
configure:4175: checking for PHP installed headers prefix
configure:4177: result: /usr/include/php/20210902
configure:4180: checking if debug is enabled
configure:4207: result: no
configure:4210: checking if zts is enabled
configure:4237: result: no
configure:4305: checking for gawk
configure:4327: found /usr/bin/gawk
configure:4338: result: gawk
configure:4381: checking whether to enable yuga
configure:4421: result: yes, shared
configure:4872: checking for gcc options needed to detect all undeclared functions
configure:4894: gcc -c -O2 -fvisibility=hidden -Wparentheses -flto -DZEPHIR_RELEASE=1   -I/usr/include/php/20210902 -I/usr/include/php/20210902/main -I/usr/include/php/20210902/TSRM -I/usr/include/php/20210902/Zend -I/usr/include/php/20210902/ext -I/usr/include/php/20210902/ext/date/lib conftest.c >&5
conftest.c: In function 'main':
conftest.c:15:8: error: 'strchr' undeclared (first use in this function)
   15 | (void) strchr;
      |        ^~~~~~
conftest.c:1:1: note: 'strchr' is defined in header '<string.h>'; did you forget to '#include <string.h>'?
    1 | /* confdefs.h */
conftest.c:15:8: note: each undeclared identifier is reported only once for each function it appears in
   15 | (void) strchr;
      |        ^~~~~~
configure:4894: $? = 1
configure: failed program was:
| /* confdefs.h */
| #define PACKAGE_NAME ""
| #define PACKAGE_TARNAME ""
| #define PACKAGE_VERSION ""
| #define PACKAGE_STRING ""
| #define PACKAGE_BUGREPORT ""
| #define PACKAGE_URL ""
| #define HAVE_YUGA 1
| #define COMPILE_DL_YUGA 1
| /* end confdefs.h.  */
| 
| int
| main (void)
| {
| (void) strchr;
|   ;
|   return 0;
| }
configure:4921: gcc -c -O2 -fvisibility=hidden -Wparentheses -flto -DZEPHIR_RELEASE=1   -I/usr/include/php/20210902 -I/usr/include/php/20210902/main -I/usr/include/php/20210902/TSRM -I/usr/include/php/20210902/Zend -I/usr/include/php/20210902/ext -I/usr/include/php/20210902/ext/date/lib conftest.c >&5
configure:4921: $? = 0
configure:4938: result: none needed
configure:4952: checking whether HAVE_BUNDLED_PCRE is declared
configure:4952: gcc -c -O2 -fvisibility=hidden -Wparentheses -flto -DZEPHIR_RELEASE=1   -I/usr/include/php/20210902 -I/usr/include/php/20210902/main -I/usr/include/php/20210902/TSRM -I/usr/include/php/20210902/Zend -I/usr/include/php/20210902/ext -I/usr/include/php/20210902/ext/date/lib conftest.c >&5
conftest.c: In function 'main':
conftest.c:21:10: error: 'HAVE_BUNDLED_PCRE' undeclared (first use in this function)
   21 |   (void) HAVE_BUNDLED_PCRE;
      |          ^~~~~~~~~~~~~~~~~
conftest.c:21:10: note: each undeclared identifier is reported only once for each function it appears in
configure:4952: $? = 1
configure: failed program was:
| /* confdefs.h */
| #define PACKAGE_NAME ""
| #define PACKAGE_TARNAME ""
| #define PACKAGE_VERSION ""
| #define PACKAGE_STRING ""
| #define PACKAGE_BUGREPORT ""
| #define PACKAGE_URL ""
| #define HAVE_YUGA 1
| #define COMPILE_DL_YUGA 1
| /* end confdefs.h.  */
| #include "php_config.h"
| 
| 
| int
| main (void)
| {
| #ifndef HAVE_BUNDLED_PCRE
| #ifdef __cplusplus
|   (void) HAVE_BUNDLED_PCRE;
| #else
|   (void) HAVE_BUNDLED_PCRE;
| #endif
| #endif
| 
|   ;
|   return 0;
| }
configure:4952: result: no
configure:4996: checking whether HAVE_JSON is declared
configure:4996: gcc -c -O2 -fvisibility=hidden -Wparentheses -flto -DZEPHIR_RELEASE=1   -I/usr/include/php/20210902 -I/usr/include/php/20210902/main -I/usr/include/php/20210902/TSRM -I/usr/include/php/20210902/Zend -I/usr/include/php/20210902/ext -I/usr/include/php/20210902/ext/date/lib conftest.c >&5
configure:4996: $? = 0
configure:4996: result: yes
configure:5004: checking for ext/json/php_json.h
configure:5004: gcc -c -O2 -fvisibility=hidden -Wparentheses -flto -DZEPHIR_RELEASE=1  -I/usr/include/php/20210902 -I/usr/include/php/20210902/main -I/usr/include/php/20210902/TSRM -I/usr/include/php/20210902/Zend -I/usr/include/php/20210902/ext -I/usr/include/php/20210902/ext/date/lib conftest.c >&5
configure:5004: $? = 0
configure:5004: result: yes
configure:5123: checking how to print strings
configure:5150: result: printf
configure:5171: checking for a sed that does not truncate output
configure:5241: result: /usr/bin/sed
configure:5259: checking for fgrep
configure:5327: result: /usr/bin/grep -F
configure:5363: checking for ld used by gcc
configure:5431: result: /usr/bin/ld
configure:5438: checking if the linker (/usr/bin/ld) is GNU ld
configure:5454: result: yes
configure:5466: checking for BSD- or MS-compatible name lister (nm)
configure:5521: result: /usr/bin/nm -B
configure:5661: checking the name lister (/usr/bin/nm -B) interface
configure:5669: gcc -c -O2 -fvisibility=hidden -Wparentheses -flto -DZEPHIR_RELEASE=1  conftest.c >&5
configure:5672: /usr/bin/nm -B "conftest.o"
configure:5675: output
00000000 B some_variable
configure:5682: result: BSD nm
configure:5685: checking whether ln -s works
configure:5689: result: yes
configure:5697: checking the maximum length of command line arguments
configure:5829: result: 1572864
configure:5877: checking how to convert x86_64-pc-linux-gnu file names to x86_64-pc-linux-gnu format
configure:5918: result: func_convert_file_noop
configure:5925: checking how to convert x86_64-pc-linux-gnu file names to toolchain format
configure:5946: result: func_convert_file_noop
configure:5953: checking for /usr/bin/ld option to reload object files
configure:5961: result: -r
configure:6040: checking for objdump
configure:6061: found /usr/bin/objdump
configure:6072: result: objdump
configure:6104: checking how to recognize dependent libraries
configure:6305: result: pass_all
configure:6395: checking for dlltool
configure:6430: result: no
configure:6460: checking how to associate runtime and link libraries
configure:6488: result: printf %s\n
configure:6553: checking for ar
configure:6574: found /usr/bin/ar
configure:6585: result: ar
configure:6622: checking for archiver @FILE support
configure:6640: gcc -c -O2 -fvisibility=hidden -Wparentheses -flto -DZEPHIR_RELEASE=1  conftest.c >&5
configure:6640: $? = 0
configure:6644: ar cr libconftest.a @conftest.lst >&5
configure:6647: $? = 0
configure:6652: ar cr libconftest.a @conftest.lst >&5
ar: conftest.o: No such file or directory
configure:6655: $? = 1
configure:6667: result: @
configure:6730: checking for strip
configure:6751: found /usr/bin/strip
configure:6762: result: strip
configure:6839: checking for ranlib
configure:6860: found /usr/bin/ranlib
configure:6871: result: ranlib
configure:6948: checking for gawk
configure:6980: result: gawk
configure:7020: checking command to parse /usr/bin/nm -B output from gcc object
configure:7174: gcc -c -O2 -fvisibility=hidden -Wparentheses -flto -DZEPHIR_RELEASE=1  conftest.c >&5
configure:7177: $? = 0
configure:7181: /usr/bin/nm -B conftest.o | sed -n -e 's/^.*[	 ]\([ABCDGIRSTW][ABCDGIRSTW]*\)[	 ][	 ]*\([_A-Za-z][_A-Za-z0-9]*\)$/\1 \2 \2/p' | sed '/ __gnu_lto/d' > conftest.nm
configure:7247: gcc -o conftest -O2 -fvisibility=hidden -Wparentheses -flto -DZEPHIR_RELEASE=1   conftest.c conftstm.o >&5
configure:7250: $? = 0
configure:7288: result: ok
configure:7335: checking for sysroot
configure:7366: result: no
configure:7373: checking for a working dd
configure:7417: result: /usr/bin/dd
configure:7421: checking how to truncate binary pipes
configure:7437: result: /usr/bin/dd bs=4096 count=1
configure:7574: gcc -c -O2 -fvisibility=hidden -Wparentheses -flto -DZEPHIR_RELEASE=1  conftest.c >&5
configure:7577: $? = 0
configure:7774: checking for mt
configure:7795: found /usr/bin/mt
configure:7806: result: mt
configure:7829: checking if mt is a manifest tool
configure:7836: mt '-?'
configure:7844: result: no
configure:8574: checking for stdio.h
configure:8574: gcc -c -O2 -fvisibility=hidden -Wparentheses -flto -DZEPHIR_RELEASE=1  conftest.c >&5
configure:8574: $? = 0
configure:8574: result: yes
configure:8574: checking for stdlib.h
configure:8574: gcc -c -O2 -fvisibility=hidden -Wparentheses -flto -DZEPHIR_RELEASE=1  conftest.c >&5
configure:8574: $? = 0
configure:8574: result: yes
configure:8574: checking for string.h
configure:8574: gcc -c -O2 -fvisibility=hidden -Wparentheses -flto -DZEPHIR_RELEASE=1  conftest.c >&5
configure:8574: $? = 0
configure:8574: result: yes
configure:8574: checking for inttypes.h
configure:8574: gcc -c -O2 -fvisibility=hidden -Wparentheses -flto -DZEPHIR_RELEASE=1  conftest.c >&5
configure:8574: $? = 0
configure:8574: result: yes
configure:8574: checking for stdint.h
configure:8574: gcc -c -O2 -fvisibility=hidden -Wparentheses -flto -DZEPHIR_RELEASE=1  conftest.c >&5
configure:8574: $? = 0
configure:8574: result: yes
configure:8574: checking for strings.h
configure:8574: gcc -c -O2 -fvisibility=hidden -Wparentheses -flto -DZEPHIR_RELEASE=1  conftest.c >&5
configure:8574: $? = 0
configure:8574: result: yes
configure:8574: checking for sys/stat.h
configure:8574: gcc -c -O2 -fvisibility=hidden -Wparentheses -flto -DZEPHIR_RELEASE=1  conftest.c >&5
configure:8574: $? = 0
configure:8574: result: yes
configure:8574: checking for sys/types.h
configure:8574: gcc -c -O2 -fvisibility=hidden -Wparentheses -flto -DZEPHIR_RELEASE=1  conftest.c >&5
configure:8574: $? = 0
configure:8574: result: yes
configure:8574: checking for unistd.h
configure:8574: gcc -c -O2 -fvisibility=hidden -Wparentheses -flto -DZEPHIR_RELEASE=1  conftest.c >&5
configure:8574: $? = 0
configure:8574: result: yes
configure:8599: checking for dlfcn.h
configure:8599: gcc -c -O2 -fvisibility=hidden -Wparentheses -flto -DZEPHIR_RELEASE=1  conftest.c >&5
configure:8599: $? = 0
configure:8599: result: yes
configure:8858: checking for objdir
configure:8874: result: .libs
configure:9138: checking if gcc supports -fno-rtti -fno-exceptions
configure:9157: gcc -c -O2 -fvisibility=hidden -Wparentheses -flto -DZEPHIR_RELEASE=1  -fno-rtti -fno-exceptions conftest.c >&5
cc1: warning: command-line option '-fno-rtti' is valid for C++/D/ObjC++ but not for C
configure:9161: $? = 0
configure:9174: result: no
configure:9538: checking for gcc option to produce PIC
configure:9546: result: -fPIC -DPIC
configure:9554: checking if gcc PIC flag -fPIC -DPIC works
configure:9573: gcc -c -O2 -fvisibility=hidden -Wparentheses -flto -DZEPHIR_RELEASE=1  -fPIC -DPIC -DPIC conftest.c >&5
configure:9577: $? = 0
configure:9590: result: yes
configure:9619: checking if gcc static flag -static works
configure:9648: result: yes
configure:9663: checking if gcc supports -c -o file.o
configure:9685: gcc -c -O2 -fvisibility=hidden -Wparentheses -flto -DZEPHIR_RELEASE=1  -o out/conftest2.o conftest.c >&5
configure:9689: $? = 0
configure:9711: result: yes
configure:9719: checking if gcc supports -c -o file.o
configure:9767: result: yes
configure:9800: checking whether the gcc linker (/usr/bin/ld -m elf_x86_64) supports shared libraries
configure:11070: result: yes
configure:11107: checking whether -lc should be explicitly linked in
configure:11116: gcc -c -O2 -fvisibility=hidden -Wparentheses -flto -DZEPHIR_RELEASE=1  conftest.c >&5
configure:11119: $? = 0
configure:11134: gcc -shared  -fPIC -DPIC conftest.o  -v -Wl,-soname -Wl,conftest -o conftest 2\>\&1 \| /usr/bin/grep  -lc  \>/dev/null 2\>\&1
configure:11137: $? = 0
configure:11151: result: no
configure:11311: checking dynamic linker characteristics
configure:11893: gcc -o conftest -O2 -fvisibility=hidden -Wparentheses -flto -DZEPHIR_RELEASE=1   -Wl,-rpath -Wl,/foo conftest.c  >&5
configure:11893: $? = 0
configure:12144: result: GNU/Linux ld.so
configure:12266: checking how to hardcode library paths into programs
configure:12291: result: immediate
configure:12843: checking whether stripping libraries is possible
configure:12848: result: yes
configure:12883: checking if libtool supports shared libraries
configure:12885: result: yes
configure:12888: checking whether to build shared libraries
configure:12913: result: yes
configure:12916: checking whether to build static libraries
configure:12920: result: no
configure:13245: patching config.h.in
configure:13256: creating ./config.status

## ---------------------- ##
## Running config.status. ##
## ---------------------- ##

This file was extended by config.status, which was
generated by GNU Autoconf 2.71.  Invocation command line was

  CONFIG_FILES    = 
  CONFIG_HEADERS  = 
  CONFIG_LINKS    = 
  CONFIG_COMMANDS = 
  $ ./config.status 

on hsemix

config.status:884: creating config.h
config.status:988: executing libtool commands

## ---------------- ##
## Cache variables. ##
## ---------------- ##

ac_cv_build=x86_64-pc-linux-gnu
ac_cv_c_compiler_gnu=yes
ac_cv_c_undeclared_builtin_options='none needed'
ac_cv_env_CC_set=set
ac_cv_env_CC_value=gcc
ac_cv_env_CFLAGS_set=set
ac_cv_env_CFLAGS_value='-O2 -fvisibility=hidden -Wparentheses -flto -DZEPHIR_RELEASE=1'
ac_cv_env_CPPFLAGS_set=
ac_cv_env_CPPFLAGS_value=
ac_cv_env_CPP_set=
ac_cv_env_CPP_value=
ac_cv_env_LDFLAGS_set=
ac_cv_env_LDFLAGS_value=
ac_cv_env_LIBS_set=
ac_cv_env_LIBS_value=
ac_cv_env_LT_SYS_LIBRARY_PATH_set=
ac_cv_env_LT_SYS_LIBRARY_PATH_value=
ac_cv_env_PKG_CONFIG_LIBDIR_set=
ac_cv_env_PKG_CONFIG_LIBDIR_value=
ac_cv_env_PKG_CONFIG_PATH_set=
ac_cv_env_PKG_CONFIG_PATH_value=
ac_cv_env_PKG_CONFIG_set=
ac_cv_env_PKG_CONFIG_value=
ac_cv_env_build_alias_set=
ac_cv_env_build_alias_value=
ac_cv_env_host_alias_set=
ac_cv_env_host_alias_value=
ac_cv_env_target_alias_set=
ac_cv_env_target_alias_value=
ac_cv_have_decl_HAVE_BUNDLED_PCRE=no
ac_cv_have_decl_HAVE_JSON=yes
ac_cv_header_dlfcn_h=yes
ac_cv_header_ext_json_php_json_h=yes
ac_cv_header_inttypes_h=yes
ac_cv_header_stdint_h=yes
ac_cv_header_stdio_h=yes
ac_cv_header_stdlib_h=yes
ac_cv_header_string_h=yes
ac_cv_header_strings_h=yes
ac_cv_header_sys_stat_h=yes
ac_cv_header_sys_types_h=yes
ac_cv_header_unistd_h=yes
ac_cv_host=x86_64-pc-linux-gnu
ac_cv_objext=o
ac_cv_path_EGREP='/usr/bin/grep -E'
ac_cv_path_FGREP='/usr/bin/grep -F'
ac_cv_path_GREP=/usr/bin/grep
ac_cv_path_SED=/usr/bin/sed
ac_cv_path_ac_pt_PKG_CONFIG=/usr/bin/pkg-config
ac_cv_path_lt_DD=/usr/bin/dd
ac_cv_prog_AWK=gawk
ac_cv_prog_CPP='gcc -E'
ac_cv_prog_ac_ct_AR=ar
ac_cv_prog_ac_ct_MANIFEST_TOOL=mt
ac_cv_prog_ac_ct_OBJDUMP=objdump
ac_cv_prog_ac_ct_RANLIB=ranlib
ac_cv_prog_ac_ct_STRIP=strip
ac_cv_prog_cc_c11=
ac_cv_prog_cc_g=yes
ac_cv_prog_cc_stdc=
ac_cv_target=x86_64-pc-linux-gnu
lt_cv_ar_at_file=@
lt_cv_archive_cmds_need_lc=no
lt_cv_deplibs_check_method=pass_all
lt_cv_file_magic_cmd='$MAGIC_CMD'
lt_cv_file_magic_test_file=
lt_cv_ld_reload_flag=-r
lt_cv_nm_interface='BSD nm'
lt_cv_objdir=.libs
lt_cv_path_LD=/usr/bin/ld
lt_cv_path_NM='/usr/bin/nm -B'
lt_cv_path_mainfest_tool=no
lt_cv_prog_compiler_c_o=yes
lt_cv_prog_compiler_pic='-fPIC -DPIC'
lt_cv_prog_compiler_pic_works=yes
lt_cv_prog_compiler_rtti_exceptions=no
lt_cv_prog_compiler_static_works=yes
lt_cv_prog_gnu_ld=yes
lt_cv_sharedlib_from_linklib_cmd='printf %s\n'
lt_cv_shlibpath_overrides_runpath=yes
lt_cv_sys_global_symbol_pipe='sed -n -e '\''s/^.*[	 ]\([ABCDGIRSTW][ABCDGIRSTW]*\)[	 ][	 ]*\([_A-Za-z][_A-Za-z0-9]*\)$/\1 \2 \2/p'\'' | sed '\''/ __gnu_lto/d'\'''
lt_cv_sys_global_symbol_to_c_name_address='sed -n -e '\''s/^: \(.*\) .*$/  {"\1", (void *) 0},/p'\'' -e '\''s/^[ABCDGIRSTW][ABCDGIRSTW]* .* \(.*\)$/  {"\1", (void *) \&\1},/p'\'''
lt_cv_sys_global_symbol_to_c_name_address_lib_prefix='sed -n -e '\''s/^: \(.*\) .*$/  {"\1", (void *) 0},/p'\'' -e '\''s/^[ABCDGIRSTW][ABCDGIRSTW]* .* \(lib.*\)$/  {"\1", (void *) \&\1},/p'\'' -e '\''s/^[ABCDGIRSTW][ABCDGIRSTW]* .* \(.*\)$/  {"lib\1", (void *) \&\1},/p'\'''
lt_cv_sys_global_symbol_to_cdecl='sed -n -e '\''s/^T .* \(.*\)$/extern int \1();/p'\'' -e '\''s/^[ABCDGIRSTW][ABCDGIRSTW]* .* \(.*\)$/extern char \1;/p'\'''
lt_cv_sys_global_symbol_to_import=
lt_cv_sys_max_cmd_len=1572864
lt_cv_to_host_file_cmd=func_convert_file_noop
lt_cv_to_tool_file_cmd=func_convert_file_noop
lt_cv_truncate_bin='/usr/bin/dd bs=4096 count=1'
php_cv_cc_rpath=yes

## ----------------- ##
## Output variables. ##
## ----------------- ##

AR='ar'
AWK='gawk'
BUILD_CC='gcc'
CC='gcc'
CFLAGS='-O2 -fvisibility=hidden -Wparentheses -flto -DZEPHIR_RELEASE=1'
CONFIGURE_COMMAND=' '\''./configure'\''  '\''--enable-yuga'\'''
CONFIGURE_OPTIONS=' '\''--enable-yuga'\'''
CPP='gcc -E'
CPPFLAGS=' -DHAVE_CONFIG_H'
DEFS='-DHAVE_CONFIG_H'
DLLTOOL='false'
DSYMUTIL=''
DUMPBIN=''
ECHO_C=''
ECHO_N='-n'
ECHO_T=''
EGREP='/usr/bin/grep -E'
EXEEXT=''
FGREP='/usr/bin/grep -F'
GREP='/usr/bin/grep'
LD='/usr/bin/ld -m elf_x86_64'
LDFLAGS=''
LIBOBJS=''
LIBS=''
LIBTOOL='$(SHELL) $(top_builddir)/libtool'
LIPO=''
LN_S='ln -s'
LTLIBOBJS=''
LT_SYS_LIBRARY_PATH=''
MANIFEST_TOOL=':'
NM='/usr/bin/nm -B'
NMEDIT=''
OBJDUMP='objdump'
OBJEXT='o'
OTOOL64=''
OTOOL=''
PACKAGE_BUGREPORT=''
PACKAGE_NAME=''
PACKAGE_STRING=''
PACKAGE_TARNAME=''
PACKAGE_URL=''
PACKAGE_VERSION=''
PATH_SEPARATOR=':'
PKG_CONFIG='/usr/bin/pkg-config'
PKG_CONFIG_LIBDIR=''
PKG_CONFIG_PATH=''
RANLIB='ranlib'
SED='/usr/bin/sed'
SHELL='/bin/bash'
SHLIB_DL_SUFFIX_NAME='so'
SHLIB_SUFFIX_NAME='so'
STRIP='strip'
ac_ct_AR='ar'
ac_ct_CC=''
ac_ct_DUMPBIN=''
bindir='${exec_prefix}/bin'
build='x86_64-pc-linux-gnu'
build_alias=''
build_cpu='x86_64'
build_os='linux-gnu'
build_vendor='pc'
datadir='${datarootdir}'
datarootdir='${prefix}/share'
docdir='${datarootdir}/doc/${PACKAGE}'
dvidir='${docdir}'
exec_prefix='$(prefix)'
host='x86_64-pc-linux-gnu'
host_alias='x86_64-pc-linux-gnu'
host_cpu='x86_64'
host_os='linux-gnu'
host_vendor='pc'
htmldir='${docdir}'
includedir='${prefix}/include'
infodir='${datarootdir}/info'
libdir='${exec_prefix}/lib'
libexecdir='${exec_prefix}/libexec'
localedir='${datarootdir}/locale'
localstatedir='${prefix}/var'
mandir='${datarootdir}/man'
oldincludedir='/usr/include'
pdfdir='${docdir}'
prefix='/usr'
program_transform_name='s,x,x,'
psdir='${docdir}'
runstatedir='${localstatedir}/run'
sbindir='${exec_prefix}/sbin'
sharedstatedir='${prefix}/com'
sysconfdir='${prefix}/etc'
target='x86_64-pc-linux-gnu'
target_alias=''
target_cpu='x86_64'
target_os='linux-gnu'
target_vendor='pc'

## ----------- ##
## confdefs.h. ##
## ----------- ##

/* confdefs.h */
#define PACKAGE_NAME ""
#define PACKAGE_TARNAME ""
#define PACKAGE_VERSION ""
#define PACKAGE_STRING ""
#define PACKAGE_BUGREPORT ""
#define PACKAGE_URL ""
#define HAVE_YUGA 1
#define COMPILE_DL_YUGA 1
#define HAVE_EXT_JSON_PHP_JSON_H 1
#define ZEPHIR_USE_PHP_JSON 1
#define HAVE_STDIO_H 1
#define HAVE_STDLIB_H 1
#define HAVE_STRING_H 1
#define HAVE_INTTYPES_H 1
#define HAVE_STDINT_H 1
#define HAVE_STRINGS_H 1
#define HAVE_SYS_STAT_H 1
#define HAVE_SYS_TYPES_H 1
#define HAVE_UNISTD_H 1
#define STDC_HEADERS 1
#define HAVE_DLFCN_H 1
#define LT_OBJDIR ".libs/"

configure: exit 0
